

times in msec
 clock   self+sourced   self:  sourced script
 clock   elapsed:              other lines

000.009  000.009: --- NVIM STARTING ---
001.213  001.204: locale set
009.555  008.342: inits 1
009.588  000.032: window checked
014.338  004.750: parsing arguments
014.739  000.401: expanding arguments
014.818  000.079: inits 2
015.360  000.542: init highlight
015.362  000.002: waiting for UI
017.844  002.482: done waiting for UI
017.863  000.019: initialized screen early for UI
030.096  001.564  001.564: sourcing /Users/liambutterworth/.config/nvim/colors/custom.vim
030.117  011.640  010.076: sourcing /Users/liambutterworth/.config/nvim/init.lua
030.159  000.655: sourcing vimrc file(s)
038.680  000.040  000.040: sourcing /Users/liambutterworth/.local/share/nvim/site/pack/packer/start/nvim-treesitter/ftdetect/elixir.vim
038.811  000.028  000.028: sourcing /Users/liambutterworth/.local/share/nvim/site/pack/packer/start/nvim-treesitter/ftdetect/fish.vim
038.931  000.026  000.026: sourcing /Users/liambutterworth/.local/share/nvim/site/pack/packer/start/nvim-treesitter/ftdetect/gdresource.vim
039.053  000.020  000.020: sourcing /Users/liambutterworth/.local/share/nvim/site/pack/packer/start/nvim-treesitter/ftdetect/gdscript.vim
039.229  000.029  000.029: sourcing /Users/liambutterworth/.local/share/nvim/site/pack/packer/start/nvim-treesitter/ftdetect/gomod.vim
039.361  000.030  000.030: sourcing /Users/liambutterworth/.local/share/nvim/site/pack/packer/start/nvim-treesitter/ftdetect/graphql.vim
039.558  000.044  000.044: sourcing /Users/liambutterworth/.local/share/nvim/site/pack/packer/start/nvim-treesitter/ftdetect/hcl.vim
039.692  000.023  000.023: sourcing /Users/liambutterworth/.local/share/nvim/site/pack/packer/start/nvim-treesitter/ftdetect/heex.vim
039.867  000.059  000.059: sourcing /Users/liambutterworth/.local/share/nvim/site/pack/packer/start/nvim-treesitter/ftdetect/julia.vim
040.001  000.032  000.032: sourcing /Users/liambutterworth/.local/share/nvim/site/pack/packer/start/nvim-treesitter/ftdetect/ledger.vim
040.126  000.024  000.024: sourcing /Users/liambutterworth/.local/share/nvim/site/pack/packer/start/nvim-treesitter/ftdetect/nix.vim
040.258  000.030  000.030: sourcing /Users/liambutterworth/.local/share/nvim/site/pack/packer/start/nvim-treesitter/ftdetect/ql.vim
040.385  000.036  000.036: sourcing /Users/liambutterworth/.local/share/nvim/site/pack/packer/start/nvim-treesitter/ftdetect/query.vim
040.510  000.028  000.028: sourcing /Users/liambutterworth/.local/share/nvim/site/pack/packer/start/nvim-treesitter/ftdetect/surface.vim
040.628  000.025  000.025: sourcing /Users/liambutterworth/.local/share/nvim/site/pack/packer/start/nvim-treesitter/ftdetect/teal.vim
040.752  000.029  000.029: sourcing /Users/liambutterworth/.local/share/nvim/site/pack/packer/start/nvim-treesitter/ftdetect/tlaplus.vim
040.874  000.030  000.030: sourcing /Users/liambutterworth/.local/share/nvim/site/pack/packer/start/nvim-treesitter/ftdetect/yang.vim
040.994  000.026  000.026: sourcing /Users/liambutterworth/.local/share/nvim/site/pack/packer/start/nvim-treesitter/ftdetect/zig.vim
042.037  011.650  011.090: sourcing /usr/local/Cellar/neovim/HEAD-f22326e/share/nvim/runtime/filetype.vim
042.837  000.051  000.051: sourcing /usr/local/Cellar/neovim/HEAD-f22326e/share/nvim/runtime/ftplugin.vim
043.531  000.050  000.050: sourcing /usr/local/Cellar/neovim/HEAD-f22326e/share/nvim/runtime/indent.vim
044.437  000.100  000.100: sourcing /usr/local/Cellar/neovim/HEAD-f22326e/share/nvim/runtime/syntax/synload.vim
044.538  000.392  000.291: sourcing /usr/local/Cellar/neovim/HEAD-f22326e/share/nvim/runtime/syntax/syntax.vim
051.023  000.362  000.362: sourcing /usr/local/Cellar/neovim/HEAD-f22326e/share/nvim/runtime/plugin/gzip.vim
051.163  000.026  000.026: sourcing /usr/local/Cellar/neovim/HEAD-f22326e/share/nvim/runtime/plugin/health.vim
051.398  000.134  000.134: sourcing /usr/local/Cellar/neovim/HEAD-f22326e/share/nvim/runtime/plugin/man.vim
053.893  000.212  000.212: sourcing /usr/local/Cellar/neovim/HEAD-f22326e/share/nvim/runtime/pack/dist/opt/matchit/plugin/matchit.vim
054.188  002.685  002.474: sourcing /usr/local/Cellar/neovim/HEAD-f22326e/share/nvim/runtime/plugin/matchit.vim
054.470  000.175  000.175: sourcing /usr/local/Cellar/neovim/HEAD-f22326e/share/nvim/runtime/plugin/matchparen.vim
055.004  000.423  000.423: sourcing /usr/local/Cellar/neovim/HEAD-f22326e/share/nvim/runtime/plugin/netrwPlugin.vim
055.445  000.023  000.023: sourcing /Users/liambutterworth/.local/share/nvim/rplugin.vim
055.457  000.315  000.292: sourcing /usr/local/Cellar/neovim/HEAD-f22326e/share/nvim/runtime/plugin/rplugin.vim
055.901  000.204  000.204: sourcing /usr/local/Cellar/neovim/HEAD-f22326e/share/nvim/runtime/plugin/shada.vim
056.097  000.043  000.043: sourcing /usr/local/Cellar/neovim/HEAD-f22326e/share/nvim/runtime/plugin/spellfile.vim
056.422  000.179  000.179: sourcing /usr/local/Cellar/neovim/HEAD-f22326e/share/nvim/runtime/plugin/tarPlugin.vim
056.657  000.109  000.109: sourcing /usr/local/Cellar/neovim/HEAD-f22326e/share/nvim/runtime/plugin/tohtml.vim
056.810  000.035  000.035: sourcing /usr/local/Cellar/neovim/HEAD-f22326e/share/nvim/runtime/plugin/tutor.vim
057.132  000.207  000.207: sourcing /usr/local/Cellar/neovim/HEAD-f22326e/share/nvim/runtime/plugin/zipPlugin.vim
092.016  034.520  034.520: sourcing /Users/liambutterworth/.config/nvim/plugin/packer_compiled.lua
092.855  011.136: loading plugins
093.939  000.305  000.305: sourcing /Users/liambutterworth/.local/share/nvim/site/pack/packer/start/nvim-compe/plugin/compe.vim
094.546  000.097  000.097: sourcing /Users/liambutterworth/.local/share/nvim/site/pack/packer/start/nvim-lspconfig/plugin/lspconfig.vim
098.031  002.933  002.933: sourcing /Users/liambutterworth/.local/share/nvim/site/pack/packer/start/nvim-treesitter/plugin/nvim-treesitter.vim
098.954  000.055  000.055: sourcing /Users/liambutterworth/.local/share/nvim/site/pack/packer/start/nvim-treesitter/ftdetect/elixir.vim
099.106  000.040  000.040: sourcing /Users/liambutterworth/.local/share/nvim/site/pack/packer/start/nvim-treesitter/ftdetect/fish.vim
099.332  000.045  000.045: sourcing /Users/liambutterworth/.local/share/nvim/site/pack/packer/start/nvim-treesitter/ftdetect/gdresource.vim
099.468  000.028  000.028: sourcing /Users/liambutterworth/.local/share/nvim/site/pack/packer/start/nvim-treesitter/ftdetect/gdscript.vim
099.592  000.027  000.027: sourcing /Users/liambutterworth/.local/share/nvim/site/pack/packer/start/nvim-treesitter/ftdetect/gomod.vim
099.802  000.046  000.046: sourcing /Users/liambutterworth/.local/share/nvim/site/pack/packer/start/nvim-treesitter/ftdetect/graphql.vim
099.948  000.038  000.038: sourcing /Users/liambutterworth/.local/share/nvim/site/pack/packer/start/nvim-treesitter/ftdetect/hcl.vim
100.074  000.026  000.026: sourcing /Users/liambutterworth/.local/share/nvim/site/pack/packer/start/nvim-treesitter/ftdetect/heex.vim
100.197  000.024  000.024: sourcing /Users/liambutterworth/.local/share/nvim/site/pack/packer/start/nvim-treesitter/ftdetect/julia.vim
100.330  000.032  000.032: sourcing /Users/liambutterworth/.local/share/nvim/site/pack/packer/start/nvim-treesitter/ftdetect/ledger.vim
100.454  000.023  000.023: sourcing /Users/liambutterworth/.local/share/nvim/site/pack/packer/start/nvim-treesitter/ftdetect/nix.vim
100.589  000.029  000.029: sourcing /Users/liambutterworth/.local/share/nvim/site/pack/packer/start/nvim-treesitter/ftdetect/ql.vim
100.722  000.035  000.035: sourcing /Users/liambutterworth/.local/share/nvim/site/pack/packer/start/nvim-treesitter/ftdetect/query.vim
100.846  000.025  000.025: sourcing /Users/liambutterworth/.local/share/nvim/site/pack/packer/start/nvim-treesitter/ftdetect/surface.vim
100.967  000.021  000.021: sourcing /Users/liambutterworth/.local/share/nvim/site/pack/packer/start/nvim-treesitter/ftdetect/teal.vim
101.102  000.038  000.038: sourcing /Users/liambutterworth/.local/share/nvim/site/pack/packer/start/nvim-treesitter/ftdetect/tlaplus.vim
101.222  000.020  000.020: sourcing /Users/liambutterworth/.local/share/nvim/site/pack/packer/start/nvim-treesitter/ftdetect/yang.vim
101.344  000.022  000.022: sourcing /Users/liambutterworth/.local/share/nvim/site/pack/packer/start/nvim-treesitter/ftdetect/zig.vim
103.921  002.122  002.122: sourcing /Users/liambutterworth/.local/share/nvim/site/pack/packer/start/nvim-treesitter-textobjects/plugin/nvim-treesitter-textobjects.vim
104.732  000.237  000.237: sourcing /Users/liambutterworth/.local/share/nvim/site/pack/packer/start/nvim-ts-context-commentstring/plugin/ts_context_commentstring.vim
105.775  000.306  000.306: sourcing /Users/liambutterworth/.local/share/nvim/site/pack/packer/start/playground/plugin/nvim-treesitter-playground.vim
106.316  000.054  000.054: sourcing /Users/liambutterworth/.local/share/nvim/site/pack/packer/start/plenary.nvim/plugin/plenary.vim
107.059  000.269  000.269: sourcing /Users/liambutterworth/.local/share/nvim/site/pack/packer/start/telescope.nvim/plugin/telescope.vim
108.274  000.735  000.735: sourcing /Users/liambutterworth/.local/share/nvim/site/pack/packer/start/vim-abolish/plugin/abolish.vim
108.942  000.178  000.178: sourcing /Users/liambutterworth/.local/share/nvim/site/pack/packer/start/vim-commentary/plugin/commentary.vim
109.944  000.521  000.521: sourcing /Users/liambutterworth/.local/share/nvim/site/pack/packer/start/vim-eunuch/plugin/eunuch.vim
110.763  000.332  000.332: sourcing /Users/liambutterworth/.local/share/nvim/site/pack/packer/start/vim-floaterm/plugin/floaterm.vim
111.987  000.580  000.580: sourcing /Users/liambutterworth/.local/share/nvim/site/pack/packer/start/vim-speeddating/plugin/speeddating.vim
112.930  000.455  000.455: sourcing /Users/liambutterworth/.local/share/nvim/site/pack/packer/start/vim-surround/plugin/surround.vim
119.927  006.423  006.423: sourcing /Users/liambutterworth/.local/share/nvim/site/pack/packer/start/vim-unimpaired/plugin/unimpaired.vim
121.222  000.585  000.585: sourcing /Users/liambutterworth/.local/share/nvim/site/pack/packer/start/vim-vsnip/plugin/vsnip.vim
121.624  012.063: loading packages
130.152  008.163  008.163: sourcing /Users/liambutterworth/.local/share/nvim/site/pack/packer/start/nvim-compe/after/plugin/compe.vim
130.903  001.116: loading after plugins
130.917  000.014: inits 3
135.173  004.255: reading ShaDa
135.319  000.147: opening buffers
135.379  000.059: BufEnter autocommands
135.383  000.005: editing files in windows
135.611  000.228: VimEnter autocommands
135.614  000.003: UIEnter autocommands
135.617  000.003: before starting main loop
137.061  001.444: first screen update
137.067  000.006: --- NVIM STARTED ---
